{"name":"SequelizeValidationError","errors":[{"message":"Validation notEmpty on lastname failed","type":"Validation error","path":"lastname","value":"","origin":"FUNCTION","instance":{"id":null,"firstname":"vikas","lastname":"","email":"pankajmakhijani6@gmail.com","updatedAt":"2021-07-24T11:10:34.788Z","createdAt":"2021-07-24T11:10:34.788Z"},"validatorKey":"notEmpty","validatorName":"notEmpty","validatorArgs":[true],"original":{"validatorName":"notEmpty","validatorArgs":[true]}},{"message":"length should be between 2 to 16","type":"Validation error","path":"lastname","value":"","origin":"FUNCTION","instance":{"id":null,"firstname":"vikas","lastname":"","email":"pankajmakhijani6@gmail.com","updatedAt":"2021-07-24T11:10:34.788Z","createdAt":"2021-07-24T11:10:34.788Z"},"validatorKey":"len","validatorName":"len","validatorArgs":[2,16],"original":{"validatorName":"len","validatorArgs":[2,16]}}],"level":"error","timestamp":"2021-07-24T11:10:34.818Z"}
{"message":"Validation notEmpty on lastname failed","type":"Validation error","path":"lastname","value":"","origin":"FUNCTION","instance":{"id":null,"firstname":"vikas","lastname":"","email":"pankajmakhijani6@gmail.com","updatedAt":"2021-07-24T11:11:54.489Z","createdAt":"2021-07-24T11:11:54.489Z"},"validatorKey":"notEmpty","validatorName":"notEmpty","validatorArgs":[true],"original":{"validatorName":"notEmpty","validatorArgs":[true]},"level":"error","timestamp":"2021-07-24T11:11:54.518Z"}
{"level":"error","message":"Validation notEmpty on lastname failed","timestamp":"2021-07-24T11:12:30.623Z"}
{"level":"error","message":"length should be between 2 to 16","timestamp":"2021-07-24T11:13:40.411Z"}
{"level":"error","message":"Database Connection error","timestamp":"2021-07-25T09:18:05.350Z"}
{"name":"SequelizeConnectionError","parent":{"errorno":"ETIMEDOUT","code":"ETIMEDOUT","syscall":"connect","fatal":true},"original":{"errorno":"ETIMEDOUT","code":"ETIMEDOUT","syscall":"connect","fatal":true},"level":"error","timestamp":"2021-07-25T13:26:55.406Z"}
{"level":"error","message":"Database Connection error","timestamp":"2021-07-25T13:33:54.997Z"}
{"name":"SequelizeConnectionError","parent":{"errorno":"ETIMEDOUT","code":"ETIMEDOUT","syscall":"connect","fatal":true},"original":{"errorno":"ETIMEDOUT","code":"ETIMEDOUT","syscall":"connect","fatal":true},"level":"error","timestamp":"2021-07-25T13:38:06.202Z"}
{"level":"error","message":"Database Connection error","timestamp":"2021-07-25T17:12:23.159Z"}
{"level":"error","message":"Database Connection error","timestamp":"2021-07-26T06:08:42.977Z"}
{"level":"error","message":"Database Connection error","timestamp":"2021-07-26T09:07:32.374Z"}
{"name":"SequelizeForeignKeyConstraintError","parent":{"code":"ER_ROW_IS_REFERENCED_2","errno":1451,"sqlState":"23000","sqlMessage":"Cannot delete or update a parent row: a foreign key constraint fails (`database1`.`cards`, CONSTRAINT `cards_ibfk_1` FOREIGN KEY (`UserId`) REFERENCES `Users` (`id`) ON UPDATE CASCADE)","sql":"DELETE FROM `Users` WHERE `id` = '1'"},"original":{"code":"ER_ROW_IS_REFERENCED_2","errno":1451,"sqlState":"23000","sqlMessage":"Cannot delete or update a parent row: a foreign key constraint fails (`database1`.`cards`, CONSTRAINT `cards_ibfk_1` FOREIGN KEY (`UserId`) REFERENCES `Users` (`id`) ON UPDATE CASCADE)","sql":"DELETE FROM `Users` WHERE `id` = '1'"},"sql":"DELETE FROM `Users` WHERE `id` = '1'","fields":["UserId"],"table":"Users","index":"cards_ibfk_1","reltype":"parent","level":"error","timestamp":"2021-07-26T10:41:17.145Z"}
{"name":"SequelizeForeignKeyConstraintError","parent":{"code":"ER_ROW_IS_REFERENCED_2","errno":1451,"sqlState":"23000","sqlMessage":"Cannot delete or update a parent row: a foreign key constraint fails (`database1`.`cards`, CONSTRAINT `cards_ibfk_1` FOREIGN KEY (`UserId`) REFERENCES `Users` (`id`) ON UPDATE CASCADE)","sql":"DELETE FROM `Users` WHERE `id` = '1'"},"original":{"code":"ER_ROW_IS_REFERENCED_2","errno":1451,"sqlState":"23000","sqlMessage":"Cannot delete or update a parent row: a foreign key constraint fails (`database1`.`cards`, CONSTRAINT `cards_ibfk_1` FOREIGN KEY (`UserId`) REFERENCES `Users` (`id`) ON UPDATE CASCADE)","sql":"DELETE FROM `Users` WHERE `id` = '1'"},"sql":"DELETE FROM `Users` WHERE `id` = '1'","fields":["UserId"],"table":"Users","index":"cards_ibfk_1","reltype":"parent","level":"error","timestamp":"2021-07-26T10:42:41.426Z"}
{"name":"SequelizeForeignKeyConstraintError","parent":{"code":"ER_ROW_IS_REFERENCED_2","errno":1451,"sqlState":"23000","sqlMessage":"Cannot delete or update a parent row: a foreign key constraint fails (`database1`.`cards`, CONSTRAINT `cards_ibfk_1` FOREIGN KEY (`UserId`) REFERENCES `Users` (`id`) ON UPDATE CASCADE)","sql":"DELETE FROM `Users` WHERE `id` = '1'"},"original":{"code":"ER_ROW_IS_REFERENCED_2","errno":1451,"sqlState":"23000","sqlMessage":"Cannot delete or update a parent row: a foreign key constraint fails (`database1`.`cards`, CONSTRAINT `cards_ibfk_1` FOREIGN KEY (`UserId`) REFERENCES `Users` (`id`) ON UPDATE CASCADE)","sql":"DELETE FROM `Users` WHERE `id` = '1'"},"sql":"DELETE FROM `Users` WHERE `id` = '1'","fields":["UserId"],"table":"Users","index":"cards_ibfk_1","reltype":"parent","level":"error","timestamp":"2021-07-26T10:43:42.789Z"}
{"level":"error","message":"Validation len on firstname failed","timestamp":"2021-07-26T10:53:03.111Z"}
{"name":"SequelizeConnectionError","parent":{"errorno":"ETIMEDOUT","code":"ETIMEDOUT","syscall":"connect","fatal":true},"original":{"errorno":"ETIMEDOUT","code":"ETIMEDOUT","syscall":"connect","fatal":true},"level":"error","timestamp":"2021-07-26T10:56:51.160Z"}
{"name":"SequelizeConnectionError","parent":{"errorno":"ETIMEDOUT","code":"ETIMEDOUT","syscall":"connect","fatal":true},"original":{"errorno":"ETIMEDOUT","code":"ETIMEDOUT","syscall":"connect","fatal":true},"level":"error","timestamp":"2021-07-26T10:57:24.127Z"}
{"name":"SequelizeConnectionError","parent":{"errorno":"ETIMEDOUT","code":"ETIMEDOUT","syscall":"connect","fatal":true},"original":{"errorno":"ETIMEDOUT","code":"ETIMEDOUT","syscall":"connect","fatal":true},"level":"error","timestamp":"2021-07-26T10:58:09.063Z"}
{"name":"SequelizeConnectionError","parent":{"errorno":"ETIMEDOUT","code":"ETIMEDOUT","syscall":"connect","fatal":true},"original":{"errorno":"ETIMEDOUT","code":"ETIMEDOUT","syscall":"connect","fatal":true},"level":"error","timestamp":"2021-07-26T10:58:38.573Z"}
{"level":"error","message":"Database Connection error","timestamp":"2021-07-26T11:41:18.448Z"}
{"level":"error","message":"Database Connection error","timestamp":"2021-07-26T11:48:30.528Z"}
{"level":"error","message":"Database Connection error","timestamp":"2021-07-26T12:44:25.593Z"}
{"level":"error","message":"Database Connection error","timestamp":"2021-07-26T15:06:17.404Z"}
{"level":"error","message":"Database Connection error","timestamp":"2021-07-26T15:08:13.008Z"}
{"level":"error","message":"Database Connection error","timestamp":"2021-07-26T17:10:56.357Z"}
